DEBUG - 2025-10-10 05:40:36 --> Session: Class initialized using 'CodeIgniter\Session\Handlers\FileHandler' driver.
DEBUG - 2025-10-10 05:40:43 --> Session: Class initialized using 'CodeIgniter\Session\Handlers\FileHandler' driver.
DEBUG - 2025-10-10 05:40:44 --> Session: Class initialized using 'CodeIgniter\Session\Handlers\FileHandler' driver.
DEBUG - 2025-10-10 05:40:55 --> Session: Class initialized using 'CodeIgniter\Session\Handlers\FileHandler' driver.
DEBUG - 2025-10-10 05:40:55 --> Session: Class initialized using 'CodeIgniter\Session\Handlers\FileHandler' driver.
DEBUG - 2025-10-10 05:41:04 --> Session: Class initialized using 'CodeIgniter\Session\Handlers\FileHandler' driver.
DEBUG - 2025-10-10 05:41:04 --> Session: Class initialized using 'CodeIgniter\Session\Handlers\FileHandler' driver.
CRITICAL - 2025-10-10 05:50:50 --> ErrorException: Undefined array key "full_name"
[Method: GET, Route: admin/users]
in APPPATH\Views\admin\manage_users.php on line 72.
 1 APPPATH\Views\admin\manage_users.php(72): CodeIgniter\Debug\Exceptions->errorHandler(2, 'Undefined array key "full_name"', 'C:\\xampp\\htdocs\\ITE311-JEMINEZ\\app\\Views\\admin\\manage_users.php', 72)
 2 SYSTEMPATH\View\View.php(226): include('C:\\xampp\\htdocs\\ITE311-JEMINEZ\\app\\Views\\admin\\manage_users.php')
 3 SYSTEMPATH\View\View.php(229): CodeIgniter\View\View->CodeIgniter\View\{closure}()
 4 SYSTEMPATH\Common.php(1167): CodeIgniter\View\View->render('admin/manage_users', [], true)
 5 APPPATH\Controllers\ManageUser.php(27): view('admin/manage_users', [...])
 6 SYSTEMPATH\CodeIgniter.php(933): App\Controllers\ManageUser->index()
 7 SYSTEMPATH\CodeIgniter.php(507): CodeIgniter\CodeIgniter->runController(Object(App\Controllers\ManageUser))
 8 SYSTEMPATH\CodeIgniter.php(354): CodeIgniter\CodeIgniter->handleRequest(null, Object(Config\Cache), false)
 9 SYSTEMPATH\Boot.php(363): CodeIgniter\CodeIgniter->run()
10 SYSTEMPATH\Boot.php(68): CodeIgniter\Boot::runCodeIgniter(Object(CodeIgniter\CodeIgniter))
11 FCPATH\index.php(59): CodeIgniter\Boot::bootWeb(Object(Config\Paths))
DEBUG - 2025-10-10 05:59:59 --> Session: Class initialized using 'CodeIgniter\Session\Handlers\FileHandler' driver.
CRITICAL - 2025-10-10 05:59:59 --> ErrorException: Undefined variable $title
[Method: GET, Route: users]
in APPPATH\Views\admin\manage_users.php on line 5.
 1 APPPATH\Views\admin\manage_users.php(5): CodeIgniter\Debug\Exceptions->errorHandler(2, 'Undefined variable $title', 'C:\\xampp\\htdocs\\ITE311-JEMINEZ\\app\\Views\\admin\\manage_users.php', 5)
 2 SYSTEMPATH\View\View.php(226): include('C:\\xampp\\htdocs\\ITE311-JEMINEZ\\app\\Views\\admin\\manage_users.php')
 3 SYSTEMPATH\View\View.php(229): CodeIgniter\View\View->CodeIgniter\View\{closure}()
 4 SYSTEMPATH\Common.php(1167): CodeIgniter\View\View->render('admin/manage_users', [], true)
 5 APPPATH\Controllers\AdminController.php(21): view('admin/manage_users', [...])
 6 SYSTEMPATH\CodeIgniter.php(933): App\Controllers\AdminController->index()
 7 SYSTEMPATH\CodeIgniter.php(507): CodeIgniter\CodeIgniter->runController(Object(App\Controllers\AdminController))
 8 SYSTEMPATH\CodeIgniter.php(354): CodeIgniter\CodeIgniter->handleRequest(null, Object(Config\Cache), false)
 9 SYSTEMPATH\Boot.php(363): CodeIgniter\CodeIgniter->run()
10 SYSTEMPATH\Boot.php(68): CodeIgniter\Boot::runCodeIgniter(Object(CodeIgniter\CodeIgniter))
11 FCPATH\index.php(59): CodeIgniter\Boot::bootWeb(Object(Config\Paths))
DEBUG - 2025-10-10 06:00:15 --> Session: Class initialized using 'CodeIgniter\Session\Handlers\FileHandler' driver.
DEBUG - 2025-10-10 06:00:27 --> Session: Class initialized using 'CodeIgniter\Session\Handlers\FileHandler' driver.
DEBUG - 2025-10-10 06:00:28 --> Session: Class initialized using 'CodeIgniter\Session\Handlers\FileHandler' driver.
DEBUG - 2025-10-10 06:00:37 --> Session: Class initialized using 'CodeIgniter\Session\Handlers\FileHandler' driver.
CRITICAL - 2025-10-10 06:00:37 --> ErrorException: Undefined variable $title
[Method: GET, Route: users]
in APPPATH\Views\admin\manage_users.php on line 5.
 1 APPPATH\Views\admin\manage_users.php(5): CodeIgniter\Debug\Exceptions->errorHandler(2, 'Undefined variable $title', 'C:\\xampp\\htdocs\\ITE311-JEMINEZ\\app\\Views\\admin\\manage_users.php', 5)
 2 SYSTEMPATH\View\View.php(226): include('C:\\xampp\\htdocs\\ITE311-JEMINEZ\\app\\Views\\admin\\manage_users.php')
 3 SYSTEMPATH\View\View.php(229): CodeIgniter\View\View->CodeIgniter\View\{closure}()
 4 SYSTEMPATH\Common.php(1167): CodeIgniter\View\View->render('admin/manage_users', [], true)
 5 APPPATH\Controllers\AdminController.php(21): view('admin/manage_users', [...])
 6 SYSTEMPATH\CodeIgniter.php(933): App\Controllers\AdminController->index()
 7 SYSTEMPATH\CodeIgniter.php(507): CodeIgniter\CodeIgniter->runController(Object(App\Controllers\AdminController))
 8 SYSTEMPATH\CodeIgniter.php(354): CodeIgniter\CodeIgniter->handleRequest(null, Object(Config\Cache), false)
 9 SYSTEMPATH\Boot.php(363): CodeIgniter\CodeIgniter->run()
10 SYSTEMPATH\Boot.php(68): CodeIgniter\Boot::runCodeIgniter(Object(CodeIgniter\CodeIgniter))
11 FCPATH\index.php(59): CodeIgniter\Boot::bootWeb(Object(Config\Paths))
DEBUG - 2025-10-10 06:01:28 --> Session: Class initialized using 'CodeIgniter\Session\Handlers\FileHandler' driver.
DEBUG - 2025-10-10 06:06:43 --> Session: Class initialized using 'CodeIgniter\Session\Handlers\FileHandler' driver.
ERROR - 2025-10-10 06:06:43 --> mysqli_sql_exception: Unknown column 'full_name' in 'field list' in C:\xampp\htdocs\ITE311-JEMINEZ\system\Database\MySQLi\Connection.php:327
Stack trace:
#0 C:\xampp\htdocs\ITE311-JEMINEZ\system\Database\MySQLi\Connection.php(327): mysqli->query('SELECT `id`, `f...', 0)
#1 C:\xampp\htdocs\ITE311-JEMINEZ\system\Database\BaseConnection.php(729): CodeIgniter\Database\MySQLi\Connection->execute('SELECT `id`, `f...')
#2 C:\xampp\htdocs\ITE311-JEMINEZ\system\Database\BaseConnection.php(646): CodeIgniter\Database\BaseConnection->simpleQuery('SELECT `id`, `f...')
#3 C:\xampp\htdocs\ITE311-JEMINEZ\system\Database\BaseBuilder.php(1649): CodeIgniter\Database\BaseConnection->query('SELECT `id`, `f...', Array, false)
#4 C:\xampp\htdocs\ITE311-JEMINEZ\app\Controllers\AdminController.php(25): CodeIgniter\Database\BaseBuilder->get()
#5 C:\xampp\htdocs\ITE311-JEMINEZ\system\CodeIgniter.php(933): App\Controllers\AdminController->index()
#6 C:\xampp\htdocs\ITE311-JEMINEZ\system\CodeIgniter.php(507): CodeIgniter\CodeIgniter->runController(Object(App\Controllers\AdminController))
#7 C:\xampp\htdocs\ITE311-JEMINEZ\system\CodeIgniter.php(354): CodeIgniter\CodeIgniter->handleRequest(NULL, Object(Config\Cache), false)
#8 C:\xampp\htdocs\ITE311-JEMINEZ\system\Boot.php(363): CodeIgniter\CodeIgniter->run()
#9 C:\xampp\htdocs\ITE311-JEMINEZ\system\Boot.php(68): CodeIgniter\Boot::runCodeIgniter(Object(CodeIgniter\CodeIgniter))
#10 C:\xampp\htdocs\ITE311-JEMINEZ\index.php(59): CodeIgniter\Boot::bootWeb(Object(Config\Paths))
#11 {main}
DEBUG - 2025-10-10 06:06:44 --> Session: Class initialized using 'CodeIgniter\Session\Handlers\FileHandler' driver.
ERROR - 2025-10-10 06:06:44 --> mysqli_sql_exception: Unknown column 'full_name' in 'field list' in C:\xampp\htdocs\ITE311-JEMINEZ\system\Database\MySQLi\Connection.php:327
Stack trace:
#0 C:\xampp\htdocs\ITE311-JEMINEZ\system\Database\MySQLi\Connection.php(327): mysqli->query('SELECT `id`, `f...', 0)
#1 C:\xampp\htdocs\ITE311-JEMINEZ\system\Database\BaseConnection.php(729): CodeIgniter\Database\MySQLi\Connection->execute('SELECT `id`, `f...')
#2 C:\xampp\htdocs\ITE311-JEMINEZ\system\Database\BaseConnection.php(646): CodeIgniter\Database\BaseConnection->simpleQuery('SELECT `id`, `f...')
#3 C:\xampp\htdocs\ITE311-JEMINEZ\system\Database\BaseBuilder.php(1649): CodeIgniter\Database\BaseConnection->query('SELECT `id`, `f...', Array, false)
#4 C:\xampp\htdocs\ITE311-JEMINEZ\app\Controllers\AdminController.php(25): CodeIgniter\Database\BaseBuilder->get()
#5 C:\xampp\htdocs\ITE311-JEMINEZ\system\CodeIgniter.php(933): App\Controllers\AdminController->index()
#6 C:\xampp\htdocs\ITE311-JEMINEZ\system\CodeIgniter.php(507): CodeIgniter\CodeIgniter->runController(Object(App\Controllers\AdminController))
#7 C:\xampp\htdocs\ITE311-JEMINEZ\system\CodeIgniter.php(354): CodeIgniter\CodeIgniter->handleRequest(NULL, Object(Config\Cache), false)
#8 C:\xampp\htdocs\ITE311-JEMINEZ\system\Boot.php(363): CodeIgniter\CodeIgniter->run()
#9 C:\xampp\htdocs\ITE311-JEMINEZ\system\Boot.php(68): CodeIgniter\Boot::runCodeIgniter(Object(CodeIgniter\CodeIgniter))
#10 C:\xampp\htdocs\ITE311-JEMINEZ\index.php(59): CodeIgniter\Boot::bootWeb(Object(Config\Paths))
#11 {main}
DEBUG - 2025-10-10 06:06:57 --> Session: Class initialized using 'CodeIgniter\Session\Handlers\FileHandler' driver.
DEBUG - 2025-10-10 06:07:00 --> Session: Class initialized using 'CodeIgniter\Session\Handlers\FileHandler' driver.
ERROR - 2025-10-10 06:07:00 --> mysqli_sql_exception: Unknown column 'full_name' in 'field list' in C:\xampp\htdocs\ITE311-JEMINEZ\system\Database\MySQLi\Connection.php:327
Stack trace:
#0 C:\xampp\htdocs\ITE311-JEMINEZ\system\Database\MySQLi\Connection.php(327): mysqli->query('SELECT `id`, `f...', 0)
#1 C:\xampp\htdocs\ITE311-JEMINEZ\system\Database\BaseConnection.php(729): CodeIgniter\Database\MySQLi\Connection->execute('SELECT `id`, `f...')
#2 C:\xampp\htdocs\ITE311-JEMINEZ\system\Database\BaseConnection.php(646): CodeIgniter\Database\BaseConnection->simpleQuery('SELECT `id`, `f...')
#3 C:\xampp\htdocs\ITE311-JEMINEZ\system\Database\BaseBuilder.php(1649): CodeIgniter\Database\BaseConnection->query('SELECT `id`, `f...', Array, false)
#4 C:\xampp\htdocs\ITE311-JEMINEZ\app\Controllers\AdminController.php(25): CodeIgniter\Database\BaseBuilder->get()
#5 C:\xampp\htdocs\ITE311-JEMINEZ\system\CodeIgniter.php(933): App\Controllers\AdminController->index()
#6 C:\xampp\htdocs\ITE311-JEMINEZ\system\CodeIgniter.php(507): CodeIgniter\CodeIgniter->runController(Object(App\Controllers\AdminController))
#7 C:\xampp\htdocs\ITE311-JEMINEZ\system\CodeIgniter.php(354): CodeIgniter\CodeIgniter->handleRequest(NULL, Object(Config\Cache), false)
#8 C:\xampp\htdocs\ITE311-JEMINEZ\system\Boot.php(363): CodeIgniter\CodeIgniter->run()
#9 C:\xampp\htdocs\ITE311-JEMINEZ\system\Boot.php(68): CodeIgniter\Boot::runCodeIgniter(Object(CodeIgniter\CodeIgniter))
#10 C:\xampp\htdocs\ITE311-JEMINEZ\index.php(59): CodeIgniter\Boot::bootWeb(Object(Config\Paths))
#11 {main}
DEBUG - 2025-10-10 06:10:20 --> Session: Class initialized using 'CodeIgniter\Session\Handlers\FileHandler' driver.
ERROR - 2025-10-10 06:10:20 --> mysqli_sql_exception: Unknown column 'username' in 'field list' in C:\xampp\htdocs\ITE311-JEMINEZ\system\Database\MySQLi\Connection.php:327
Stack trace:
#0 C:\xampp\htdocs\ITE311-JEMINEZ\system\Database\MySQLi\Connection.php(327): mysqli->query('SELECT `id`, `u...', 0)
#1 C:\xampp\htdocs\ITE311-JEMINEZ\system\Database\BaseConnection.php(729): CodeIgniter\Database\MySQLi\Connection->execute('SELECT `id`, `u...')
#2 C:\xampp\htdocs\ITE311-JEMINEZ\system\Database\BaseConnection.php(646): CodeIgniter\Database\BaseConnection->simpleQuery('SELECT `id`, `u...')
#3 C:\xampp\htdocs\ITE311-JEMINEZ\system\Database\BaseBuilder.php(1649): CodeIgniter\Database\BaseConnection->query('SELECT `id`, `u...', Array, false)
#4 C:\xampp\htdocs\ITE311-JEMINEZ\app\Controllers\AdminController.php(39): CodeIgniter\Database\BaseBuilder->get()
#5 C:\xampp\htdocs\ITE311-JEMINEZ\system\CodeIgniter.php(933): App\Controllers\AdminController->index()
#6 C:\xampp\htdocs\ITE311-JEMINEZ\system\CodeIgniter.php(507): CodeIgniter\CodeIgniter->runController(Object(App\Controllers\AdminController))
#7 C:\xampp\htdocs\ITE311-JEMINEZ\system\CodeIgniter.php(354): CodeIgniter\CodeIgniter->handleRequest(NULL, Object(Config\Cache), false)
#8 C:\xampp\htdocs\ITE311-JEMINEZ\system\Boot.php(363): CodeIgniter\CodeIgniter->run()
#9 C:\xampp\htdocs\ITE311-JEMINEZ\system\Boot.php(68): CodeIgniter\Boot::runCodeIgniter(Object(CodeIgniter\CodeIgniter))
#10 C:\xampp\htdocs\ITE311-JEMINEZ\index.php(59): CodeIgniter\Boot::bootWeb(Object(Config\Paths))
#11 {main}
DEBUG - 2025-10-10 06:10:34 --> Session: Class initialized using 'CodeIgniter\Session\Handlers\FileHandler' driver.
ERROR - 2025-10-10 06:10:34 --> mysqli_sql_exception: Unknown column 'username' in 'field list' in C:\xampp\htdocs\ITE311-JEMINEZ\system\Database\MySQLi\Connection.php:327
Stack trace:
#0 C:\xampp\htdocs\ITE311-JEMINEZ\system\Database\MySQLi\Connection.php(327): mysqli->query('SELECT `id`, `u...', 0)
#1 C:\xampp\htdocs\ITE311-JEMINEZ\system\Database\BaseConnection.php(729): CodeIgniter\Database\MySQLi\Connection->execute('SELECT `id`, `u...')
#2 C:\xampp\htdocs\ITE311-JEMINEZ\system\Database\BaseConnection.php(646): CodeIgniter\Database\BaseConnection->simpleQuery('SELECT `id`, `u...')
#3 C:\xampp\htdocs\ITE311-JEMINEZ\system\Database\BaseBuilder.php(1649): CodeIgniter\Database\BaseConnection->query('SELECT `id`, `u...', Array, false)
#4 C:\xampp\htdocs\ITE311-JEMINEZ\app\Controllers\AdminController.php(39): CodeIgniter\Database\BaseBuilder->get()
#5 C:\xampp\htdocs\ITE311-JEMINEZ\system\CodeIgniter.php(933): App\Controllers\AdminController->index()
#6 C:\xampp\htdocs\ITE311-JEMINEZ\system\CodeIgniter.php(507): CodeIgniter\CodeIgniter->runController(Object(App\Controllers\AdminController))
#7 C:\xampp\htdocs\ITE311-JEMINEZ\system\CodeIgniter.php(354): CodeIgniter\CodeIgniter->handleRequest(NULL, Object(Config\Cache), false)
#8 C:\xampp\htdocs\ITE311-JEMINEZ\system\Boot.php(363): CodeIgniter\CodeIgniter->run()
#9 C:\xampp\htdocs\ITE311-JEMINEZ\system\Boot.php(68): CodeIgniter\Boot::runCodeIgniter(Object(CodeIgniter\CodeIgniter))
#10 C:\xampp\htdocs\ITE311-JEMINEZ\index.php(59): CodeIgniter\Boot::bootWeb(Object(Config\Paths))
#11 {main}
DEBUG - 2025-10-10 06:10:38 --> Session: Class initialized using 'CodeIgniter\Session\Handlers\FileHandler' driver.
DEBUG - 2025-10-10 06:10:38 --> Session: Class initialized using 'CodeIgniter\Session\Handlers\FileHandler' driver.
DEBUG - 2025-10-10 06:10:44 --> Session: Class initialized using 'CodeIgniter\Session\Handlers\FileHandler' driver.
DEBUG - 2025-10-10 06:10:45 --> Session: Class initialized using 'CodeIgniter\Session\Handlers\FileHandler' driver.
DEBUG - 2025-10-10 06:10:50 --> Session: Class initialized using 'CodeIgniter\Session\Handlers\FileHandler' driver.
ERROR - 2025-10-10 06:10:50 --> mysqli_sql_exception: Unknown column 'username' in 'field list' in C:\xampp\htdocs\ITE311-JEMINEZ\system\Database\MySQLi\Connection.php:327
Stack trace:
#0 C:\xampp\htdocs\ITE311-JEMINEZ\system\Database\MySQLi\Connection.php(327): mysqli->query('SELECT `id`, `u...', 0)
#1 C:\xampp\htdocs\ITE311-JEMINEZ\system\Database\BaseConnection.php(729): CodeIgniter\Database\MySQLi\Connection->execute('SELECT `id`, `u...')
#2 C:\xampp\htdocs\ITE311-JEMINEZ\system\Database\BaseConnection.php(646): CodeIgniter\Database\BaseConnection->simpleQuery('SELECT `id`, `u...')
#3 C:\xampp\htdocs\ITE311-JEMINEZ\system\Database\BaseBuilder.php(1649): CodeIgniter\Database\BaseConnection->query('SELECT `id`, `u...', Array, false)
#4 C:\xampp\htdocs\ITE311-JEMINEZ\app\Controllers\AdminController.php(39): CodeIgniter\Database\BaseBuilder->get()
#5 C:\xampp\htdocs\ITE311-JEMINEZ\system\CodeIgniter.php(933): App\Controllers\AdminController->index()
#6 C:\xampp\htdocs\ITE311-JEMINEZ\system\CodeIgniter.php(507): CodeIgniter\CodeIgniter->runController(Object(App\Controllers\AdminController))
#7 C:\xampp\htdocs\ITE311-JEMINEZ\system\CodeIgniter.php(354): CodeIgniter\CodeIgniter->handleRequest(NULL, Object(Config\Cache), false)
#8 C:\xampp\htdocs\ITE311-JEMINEZ\system\Boot.php(363): CodeIgniter\CodeIgniter->run()
#9 C:\xampp\htdocs\ITE311-JEMINEZ\system\Boot.php(68): CodeIgniter\Boot::runCodeIgniter(Object(CodeIgniter\CodeIgniter))
#10 C:\xampp\htdocs\ITE311-JEMINEZ\index.php(59): CodeIgniter\Boot::bootWeb(Object(Config\Paths))
#11 {main}
DEBUG - 2025-10-10 06:13:07 --> Session: Class initialized using 'CodeIgniter\Session\Handlers\FileHandler' driver.
CRITICAL - 2025-10-10 06:13:07 --> ErrorException: Undefined array key "full_name"
[Method: GET, Route: users]
in APPPATH\Views\admin\manage_users.php on line 76.
 1 APPPATH\Views\admin\manage_users.php(76): CodeIgniter\Debug\Exceptions->errorHandler(2, 'Undefined array key "full_name"', 'C:\\xampp\\htdocs\\ITE311-JEMINEZ\\app\\Views\\admin\\manage_users.php', 76)
 2 SYSTEMPATH\View\View.php(226): include('C:\\xampp\\htdocs\\ITE311-JEMINEZ\\app\\Views\\admin\\manage_users.php')
 3 SYSTEMPATH\View\View.php(229): CodeIgniter\View\View->CodeIgniter\View\{closure}()
 4 SYSTEMPATH\Common.php(1167): CodeIgniter\View\View->render('admin/manage_users', [], true)
 5 APPPATH\Controllers\AdminController.php(80): view('admin/manage_users', [...])
 6 SYSTEMPATH\CodeIgniter.php(933): App\Controllers\AdminController->index()
 7 SYSTEMPATH\CodeIgniter.php(507): CodeIgniter\CodeIgniter->runController(Object(App\Controllers\AdminController))
 8 SYSTEMPATH\CodeIgniter.php(354): CodeIgniter\CodeIgniter->handleRequest(null, Object(Config\Cache), false)
 9 SYSTEMPATH\Boot.php(363): CodeIgniter\CodeIgniter->run()
10 SYSTEMPATH\Boot.php(68): CodeIgniter\Boot::runCodeIgniter(Object(CodeIgniter\CodeIgniter))
11 FCPATH\index.php(59): CodeIgniter\Boot::bootWeb(Object(Config\Paths))
DEBUG - 2025-10-10 06:14:29 --> Session: Class initialized using 'CodeIgniter\Session\Handlers\FileHandler' driver.
ERROR - 2025-10-10 06:14:29 --> mysqli_sql_exception: Unknown column 'username' in 'field list' in C:\xampp\htdocs\ITE311-JEMINEZ\system\Database\MySQLi\Connection.php:327
Stack trace:
#0 C:\xampp\htdocs\ITE311-JEMINEZ\system\Database\MySQLi\Connection.php(327): mysqli->query('SELECT `usernam...', 0)
#1 C:\xampp\htdocs\ITE311-JEMINEZ\system\Database\BaseConnection.php(729): CodeIgniter\Database\MySQLi\Connection->execute('SELECT `usernam...')
#2 C:\xampp\htdocs\ITE311-JEMINEZ\system\Database\BaseConnection.php(646): CodeIgniter\Database\BaseConnection->simpleQuery('SELECT `usernam...')
#3 C:\xampp\htdocs\ITE311-JEMINEZ\system\Database\BaseBuilder.php(1649): CodeIgniter\Database\BaseConnection->query('SELECT `usernam...', Array, false)
#4 C:\xampp\htdocs\ITE311-JEMINEZ\app\Controllers\AdminController.php(48): CodeIgniter\Database\BaseBuilder->get()
#5 C:\xampp\htdocs\ITE311-JEMINEZ\system\CodeIgniter.php(933): App\Controllers\AdminController->index()
#6 C:\xampp\htdocs\ITE311-JEMINEZ\system\CodeIgniter.php(507): CodeIgniter\CodeIgniter->runController(Object(App\Controllers\AdminController))
#7 C:\xampp\htdocs\ITE311-JEMINEZ\system\CodeIgniter.php(354): CodeIgniter\CodeIgniter->handleRequest(NULL, Object(Config\Cache), false)
#8 C:\xampp\htdocs\ITE311-JEMINEZ\system\Boot.php(363): CodeIgniter\CodeIgniter->run()
#9 C:\xampp\htdocs\ITE311-JEMINEZ\system\Boot.php(68): CodeIgniter\Boot::runCodeIgniter(Object(CodeIgniter\CodeIgniter))
#10 C:\xampp\htdocs\ITE311-JEMINEZ\index.php(59): CodeIgniter\Boot::bootWeb(Object(Config\Paths))
#11 {main}
DEBUG - 2025-10-10 06:14:32 --> Session: Class initialized using 'CodeIgniter\Session\Handlers\FileHandler' driver.
ERROR - 2025-10-10 06:14:32 --> mysqli_sql_exception: Unknown column 'username' in 'field list' in C:\xampp\htdocs\ITE311-JEMINEZ\system\Database\MySQLi\Connection.php:327
Stack trace:
#0 C:\xampp\htdocs\ITE311-JEMINEZ\system\Database\MySQLi\Connection.php(327): mysqli->query('SELECT `usernam...', 0)
#1 C:\xampp\htdocs\ITE311-JEMINEZ\system\Database\BaseConnection.php(729): CodeIgniter\Database\MySQLi\Connection->execute('SELECT `usernam...')
#2 C:\xampp\htdocs\ITE311-JEMINEZ\system\Database\BaseConnection.php(646): CodeIgniter\Database\BaseConnection->simpleQuery('SELECT `usernam...')
#3 C:\xampp\htdocs\ITE311-JEMINEZ\system\Database\BaseBuilder.php(1649): CodeIgniter\Database\BaseConnection->query('SELECT `usernam...', Array, false)
#4 C:\xampp\htdocs\ITE311-JEMINEZ\app\Controllers\AdminController.php(48): CodeIgniter\Database\BaseBuilder->get()
#5 C:\xampp\htdocs\ITE311-JEMINEZ\system\CodeIgniter.php(933): App\Controllers\AdminController->index()
#6 C:\xampp\htdocs\ITE311-JEMINEZ\system\CodeIgniter.php(507): CodeIgniter\CodeIgniter->runController(Object(App\Controllers\AdminController))
#7 C:\xampp\htdocs\ITE311-JEMINEZ\system\CodeIgniter.php(354): CodeIgniter\CodeIgniter->handleRequest(NULL, Object(Config\Cache), false)
#8 C:\xampp\htdocs\ITE311-JEMINEZ\system\Boot.php(363): CodeIgniter\CodeIgniter->run()
#9 C:\xampp\htdocs\ITE311-JEMINEZ\system\Boot.php(68): CodeIgniter\Boot::runCodeIgniter(Object(CodeIgniter\CodeIgniter))
#10 C:\xampp\htdocs\ITE311-JEMINEZ\index.php(59): CodeIgniter\Boot::bootWeb(Object(Config\Paths))
#11 {main}
DEBUG - 2025-10-10 06:14:38 --> Session: Class initialized using 'CodeIgniter\Session\Handlers\FileHandler' driver.
DEBUG - 2025-10-10 06:27:25 --> Session: Class initialized using 'CodeIgniter\Session\Handlers\FileHandler' driver.
ERROR - 2025-10-10 06:27:25 --> mysqli_sql_exception: Unknown column 'username' in 'field list' in C:\xampp\htdocs\ITE311-JEMINEZ\system\Database\MySQLi\Connection.php:327
Stack trace:
#0 C:\xampp\htdocs\ITE311-JEMINEZ\system\Database\MySQLi\Connection.php(327): mysqli->query('SELECT `id`, `u...', 0)
#1 C:\xampp\htdocs\ITE311-JEMINEZ\system\Database\BaseConnection.php(729): CodeIgniter\Database\MySQLi\Connection->execute('SELECT `id`, `u...')
#2 C:\xampp\htdocs\ITE311-JEMINEZ\system\Database\BaseConnection.php(646): CodeIgniter\Database\BaseConnection->simpleQuery('SELECT `id`, `u...')
#3 C:\xampp\htdocs\ITE311-JEMINEZ\system\Database\BaseBuilder.php(1649): CodeIgniter\Database\BaseConnection->query('SELECT `id`, `u...', Array, false)
#4 C:\xampp\htdocs\ITE311-JEMINEZ\app\Controllers\AdminController.php(52): CodeIgniter\Database\BaseBuilder->get()
#5 C:\xampp\htdocs\ITE311-JEMINEZ\system\CodeIgniter.php(933): App\Controllers\AdminController->index()
#6 C:\xampp\htdocs\ITE311-JEMINEZ\system\CodeIgniter.php(507): CodeIgniter\CodeIgniter->runController(Object(App\Controllers\AdminController))
#7 C:\xampp\htdocs\ITE311-JEMINEZ\system\CodeIgniter.php(354): CodeIgniter\CodeIgniter->handleRequest(NULL, Object(Config\Cache), false)
#8 C:\xampp\htdocs\ITE311-JEMINEZ\system\Boot.php(363): CodeIgniter\CodeIgniter->run()
#9 C:\xampp\htdocs\ITE311-JEMINEZ\system\Boot.php(68): CodeIgniter\Boot::runCodeIgniter(Object(CodeIgniter\CodeIgniter))
#10 C:\xampp\htdocs\ITE311-JEMINEZ\index.php(59): CodeIgniter\Boot::bootWeb(Object(Config\Paths))
#11 {main}
DEBUG - 2025-10-10 06:31:05 --> Session: Class initialized using 'CodeIgniter\Session\Handlers\FileHandler' driver.
ERROR - 2025-10-10 06:31:05 --> mysqli_sql_exception: Unknown column 'username' in 'field list' in C:\xampp\htdocs\ITE311-JEMINEZ\system\Database\MySQLi\Connection.php:327
Stack trace:
#0 C:\xampp\htdocs\ITE311-JEMINEZ\system\Database\MySQLi\Connection.php(327): mysqli->query('SELECT `id`, `u...', 0)
#1 C:\xampp\htdocs\ITE311-JEMINEZ\system\Database\BaseConnection.php(729): CodeIgniter\Database\MySQLi\Connection->execute('SELECT `id`, `u...')
#2 C:\xampp\htdocs\ITE311-JEMINEZ\system\Database\BaseConnection.php(646): CodeIgniter\Database\BaseConnection->simpleQuery('SELECT `id`, `u...')
#3 C:\xampp\htdocs\ITE311-JEMINEZ\system\Database\BaseBuilder.php(1649): CodeIgniter\Database\BaseConnection->query('SELECT `id`, `u...', Array, false)
#4 C:\xampp\htdocs\ITE311-JEMINEZ\app\Controllers\AdminController.php(52): CodeIgniter\Database\BaseBuilder->get()
#5 C:\xampp\htdocs\ITE311-JEMINEZ\system\CodeIgniter.php(933): App\Controllers\AdminController->index()
#6 C:\xampp\htdocs\ITE311-JEMINEZ\system\CodeIgniter.php(507): CodeIgniter\CodeIgniter->runController(Object(App\Controllers\AdminController))
#7 C:\xampp\htdocs\ITE311-JEMINEZ\system\CodeIgniter.php(354): CodeIgniter\CodeIgniter->handleRequest(NULL, Object(Config\Cache), false)
#8 C:\xampp\htdocs\ITE311-JEMINEZ\system\Boot.php(363): CodeIgniter\CodeIgniter->run()
#9 C:\xampp\htdocs\ITE311-JEMINEZ\system\Boot.php(68): CodeIgniter\Boot::runCodeIgniter(Object(CodeIgniter\CodeIgniter))
#10 C:\xampp\htdocs\ITE311-JEMINEZ\index.php(59): CodeIgniter\Boot::bootWeb(Object(Config\Paths))
#11 {main}
ERROR - 2025-10-10 06:32:23 --> mysqli_sql_exception: Duplicate entry 'admin@lms.com' for key 'email' in C:\xampp\htdocs\ITE311-JEMINEZ\system\Database\MySQLi\Connection.php:327
Stack trace:
#0 C:\xampp\htdocs\ITE311-JEMINEZ\system\Database\MySQLi\Connection.php(327): mysqli->query('INSERT INTO `us...', 0)
#1 C:\xampp\htdocs\ITE311-JEMINEZ\system\Database\BaseConnection.php(729): CodeIgniter\Database\MySQLi\Connection->execute('INSERT INTO `us...')
#2 C:\xampp\htdocs\ITE311-JEMINEZ\system\Database\BaseConnection.php(646): CodeIgniter\Database\BaseConnection->simpleQuery('INSERT INTO `us...')
#3 C:\xampp\htdocs\ITE311-JEMINEZ\system\Database\BaseBuilder.php(1841): CodeIgniter\Database\BaseConnection->query('INSERT INTO `us...', NULL, false)
#4 C:\xampp\htdocs\ITE311-JEMINEZ\system\Database\BaseBuilder.php(2230): CodeIgniter\Database\BaseBuilder->batchExecute('_insertBatch', 100)
#5 C:\xampp\htdocs\ITE311-JEMINEZ\app\Database\Seeds\UserSeeder.php(48): CodeIgniter\Database\BaseBuilder->insertBatch(Array)
#6 C:\xampp\htdocs\ITE311-JEMINEZ\system\Database\Seeder.php(149): App\Database\Seeds\UserSeeder->run()
#7 C:\xampp\htdocs\ITE311-JEMINEZ\system\Commands\Database\Seed.php(79): CodeIgniter\Database\Seeder->call('App\\Database\\Se...')
#8 C:\xampp\htdocs\ITE311-JEMINEZ\system\CLI\Commands.php(74): CodeIgniter\Commands\Database\Seed->run(Array)
#9 C:\xampp\htdocs\ITE311-JEMINEZ\system\CLI\Console.php(47): CodeIgniter\CLI\Commands->run('db:seed', Array)
#10 C:\xampp\htdocs\ITE311-JEMINEZ\system\Boot.php(388): CodeIgniter\CLI\Console->run()
#11 C:\xampp\htdocs\ITE311-JEMINEZ\system\Boot.php(133): CodeIgniter\Boot::runCommand(Object(CodeIgniter\CLI\Console))
#12 C:\xampp\htdocs\ITE311-JEMINEZ\spark(87): CodeIgniter\Boot::bootSpark(Object(Config\Paths))
#13 {main}
DEBUG - 2025-10-10 06:33:55 --> Session: Class initialized using 'CodeIgniter\Session\Handlers\FileHandler' driver.
ERROR - 2025-10-10 06:33:55 --> mysqli_sql_exception: Unknown column 'username' in 'field list' in C:\xampp\htdocs\ITE311-JEMINEZ\system\Database\MySQLi\Connection.php:327
Stack trace:
#0 C:\xampp\htdocs\ITE311-JEMINEZ\system\Database\MySQLi\Connection.php(327): mysqli->query('SELECT `id`, `u...', 0)
#1 C:\xampp\htdocs\ITE311-JEMINEZ\system\Database\BaseConnection.php(729): CodeIgniter\Database\MySQLi\Connection->execute('SELECT `id`, `u...')
#2 C:\xampp\htdocs\ITE311-JEMINEZ\system\Database\BaseConnection.php(646): CodeIgniter\Database\BaseConnection->simpleQuery('SELECT `id`, `u...')
#3 C:\xampp\htdocs\ITE311-JEMINEZ\system\Database\BaseBuilder.php(1649): CodeIgniter\Database\BaseConnection->query('SELECT `id`, `u...', Array, false)
#4 C:\xampp\htdocs\ITE311-JEMINEZ\app\Controllers\AdminController.php(52): CodeIgniter\Database\BaseBuilder->get()
#5 C:\xampp\htdocs\ITE311-JEMINEZ\system\CodeIgniter.php(933): App\Controllers\AdminController->index()
#6 C:\xampp\htdocs\ITE311-JEMINEZ\system\CodeIgniter.php(507): CodeIgniter\CodeIgniter->runController(Object(App\Controllers\AdminController))
#7 C:\xampp\htdocs\ITE311-JEMINEZ\system\CodeIgniter.php(354): CodeIgniter\CodeIgniter->handleRequest(NULL, Object(Config\Cache), false)
#8 C:\xampp\htdocs\ITE311-JEMINEZ\system\Boot.php(363): CodeIgniter\CodeIgniter->run()
#9 C:\xampp\htdocs\ITE311-JEMINEZ\system\Boot.php(68): CodeIgniter\Boot::runCodeIgniter(Object(CodeIgniter\CodeIgniter))
#10 C:\xampp\htdocs\ITE311-JEMINEZ\index.php(59): CodeIgniter\Boot::bootWeb(Object(Config\Paths))
#11 {main}
DEBUG - 2025-10-10 06:38:25 --> Session: Class initialized using 'CodeIgniter\Session\Handlers\FileHandler' driver.
ERROR - 2025-10-10 06:38:25 --> mysqli_sql_exception: Unknown column 'username' in 'field list' in C:\xampp\htdocs\ITE311-JEMINEZ\system\Database\MySQLi\Connection.php:327
Stack trace:
#0 C:\xampp\htdocs\ITE311-JEMINEZ\system\Database\MySQLi\Connection.php(327): mysqli->query('SELECT `id`, `u...', 0)
#1 C:\xampp\htdocs\ITE311-JEMINEZ\system\Database\BaseConnection.php(729): CodeIgniter\Database\MySQLi\Connection->execute('SELECT `id`, `u...')
#2 C:\xampp\htdocs\ITE311-JEMINEZ\system\Database\BaseConnection.php(646): CodeIgniter\Database\BaseConnection->simpleQuery('SELECT `id`, `u...')
#3 C:\xampp\htdocs\ITE311-JEMINEZ\system\Database\BaseBuilder.php(1649): CodeIgniter\Database\BaseConnection->query('SELECT `id`, `u...', Array, false)
#4 C:\xampp\htdocs\ITE311-JEMINEZ\app\Controllers\AdminController.php(60): CodeIgniter\Database\BaseBuilder->get()
#5 C:\xampp\htdocs\ITE311-JEMINEZ\system\CodeIgniter.php(933): App\Controllers\AdminController->index()
#6 C:\xampp\htdocs\ITE311-JEMINEZ\system\CodeIgniter.php(507): CodeIgniter\CodeIgniter->runController(Object(App\Controllers\AdminController))
#7 C:\xampp\htdocs\ITE311-JEMINEZ\system\CodeIgniter.php(354): CodeIgniter\CodeIgniter->handleRequest(NULL, Object(Config\Cache), false)
#8 C:\xampp\htdocs\ITE311-JEMINEZ\system\Boot.php(363): CodeIgniter\CodeIgniter->run()
#9 C:\xampp\htdocs\ITE311-JEMINEZ\system\Boot.php(68): CodeIgniter\Boot::runCodeIgniter(Object(CodeIgniter\CodeIgniter))
#10 C:\xampp\htdocs\ITE311-JEMINEZ\index.php(59): CodeIgniter\Boot::bootWeb(Object(Config\Paths))
#11 {main}
DEBUG - 2025-10-10 06:38:26 --> Session: Class initialized using 'CodeIgniter\Session\Handlers\FileHandler' driver.
ERROR - 2025-10-10 06:38:26 --> mysqli_sql_exception: Unknown column 'username' in 'field list' in C:\xampp\htdocs\ITE311-JEMINEZ\system\Database\MySQLi\Connection.php:327
Stack trace:
#0 C:\xampp\htdocs\ITE311-JEMINEZ\system\Database\MySQLi\Connection.php(327): mysqli->query('SELECT `id`, `u...', 0)
#1 C:\xampp\htdocs\ITE311-JEMINEZ\system\Database\BaseConnection.php(729): CodeIgniter\Database\MySQLi\Connection->execute('SELECT `id`, `u...')
#2 C:\xampp\htdocs\ITE311-JEMINEZ\system\Database\BaseConnection.php(646): CodeIgniter\Database\BaseConnection->simpleQuery('SELECT `id`, `u...')
#3 C:\xampp\htdocs\ITE311-JEMINEZ\system\Database\BaseBuilder.php(1649): CodeIgniter\Database\BaseConnection->query('SELECT `id`, `u...', Array, false)
#4 C:\xampp\htdocs\ITE311-JEMINEZ\app\Controllers\AdminController.php(60): CodeIgniter\Database\BaseBuilder->get()
#5 C:\xampp\htdocs\ITE311-JEMINEZ\system\CodeIgniter.php(933): App\Controllers\AdminController->index()
#6 C:\xampp\htdocs\ITE311-JEMINEZ\system\CodeIgniter.php(507): CodeIgniter\CodeIgniter->runController(Object(App\Controllers\AdminController))
#7 C:\xampp\htdocs\ITE311-JEMINEZ\system\CodeIgniter.php(354): CodeIgniter\CodeIgniter->handleRequest(NULL, Object(Config\Cache), false)
#8 C:\xampp\htdocs\ITE311-JEMINEZ\system\Boot.php(363): CodeIgniter\CodeIgniter->run()
#9 C:\xampp\htdocs\ITE311-JEMINEZ\system\Boot.php(68): CodeIgniter\Boot::runCodeIgniter(Object(CodeIgniter\CodeIgniter))
#10 C:\xampp\htdocs\ITE311-JEMINEZ\index.php(59): CodeIgniter\Boot::bootWeb(Object(Config\Paths))
#11 {main}
DEBUG - 2025-10-10 06:38:27 --> Session: Class initialized using 'CodeIgniter\Session\Handlers\FileHandler' driver.
ERROR - 2025-10-10 06:38:27 --> mysqli_sql_exception: Unknown column 'username' in 'field list' in C:\xampp\htdocs\ITE311-JEMINEZ\system\Database\MySQLi\Connection.php:327
Stack trace:
#0 C:\xampp\htdocs\ITE311-JEMINEZ\system\Database\MySQLi\Connection.php(327): mysqli->query('SELECT `id`, `u...', 0)
#1 C:\xampp\htdocs\ITE311-JEMINEZ\system\Database\BaseConnection.php(729): CodeIgniter\Database\MySQLi\Connection->execute('SELECT `id`, `u...')
#2 C:\xampp\htdocs\ITE311-JEMINEZ\system\Database\BaseConnection.php(646): CodeIgniter\Database\BaseConnection->simpleQuery('SELECT `id`, `u...')
#3 C:\xampp\htdocs\ITE311-JEMINEZ\system\Database\BaseBuilder.php(1649): CodeIgniter\Database\BaseConnection->query('SELECT `id`, `u...', Array, false)
#4 C:\xampp\htdocs\ITE311-JEMINEZ\app\Controllers\AdminController.php(60): CodeIgniter\Database\BaseBuilder->get()
#5 C:\xampp\htdocs\ITE311-JEMINEZ\system\CodeIgniter.php(933): App\Controllers\AdminController->index()
#6 C:\xampp\htdocs\ITE311-JEMINEZ\system\CodeIgniter.php(507): CodeIgniter\CodeIgniter->runController(Object(App\Controllers\AdminController))
#7 C:\xampp\htdocs\ITE311-JEMINEZ\system\CodeIgniter.php(354): CodeIgniter\CodeIgniter->handleRequest(NULL, Object(Config\Cache), false)
#8 C:\xampp\htdocs\ITE311-JEMINEZ\system\Boot.php(363): CodeIgniter\CodeIgniter->run()
#9 C:\xampp\htdocs\ITE311-JEMINEZ\system\Boot.php(68): CodeIgniter\Boot::runCodeIgniter(Object(CodeIgniter\CodeIgniter))
#10 C:\xampp\htdocs\ITE311-JEMINEZ\index.php(59): CodeIgniter\Boot::bootWeb(Object(Config\Paths))
#11 {main}
DEBUG - 2025-10-10 06:38:27 --> Session: Class initialized using 'CodeIgniter\Session\Handlers\FileHandler' driver.
ERROR - 2025-10-10 06:38:27 --> mysqli_sql_exception: Unknown column 'username' in 'field list' in C:\xampp\htdocs\ITE311-JEMINEZ\system\Database\MySQLi\Connection.php:327
Stack trace:
#0 C:\xampp\htdocs\ITE311-JEMINEZ\system\Database\MySQLi\Connection.php(327): mysqli->query('SELECT `id`, `u...', 0)
#1 C:\xampp\htdocs\ITE311-JEMINEZ\system\Database\BaseConnection.php(729): CodeIgniter\Database\MySQLi\Connection->execute('SELECT `id`, `u...')
#2 C:\xampp\htdocs\ITE311-JEMINEZ\system\Database\BaseConnection.php(646): CodeIgniter\Database\BaseConnection->simpleQuery('SELECT `id`, `u...')
#3 C:\xampp\htdocs\ITE311-JEMINEZ\system\Database\BaseBuilder.php(1649): CodeIgniter\Database\BaseConnection->query('SELECT `id`, `u...', Array, false)
#4 C:\xampp\htdocs\ITE311-JEMINEZ\app\Controllers\AdminController.php(60): CodeIgniter\Database\BaseBuilder->get()
#5 C:\xampp\htdocs\ITE311-JEMINEZ\system\CodeIgniter.php(933): App\Controllers\AdminController->index()
#6 C:\xampp\htdocs\ITE311-JEMINEZ\system\CodeIgniter.php(507): CodeIgniter\CodeIgniter->runController(Object(App\Controllers\AdminController))
#7 C:\xampp\htdocs\ITE311-JEMINEZ\system\CodeIgniter.php(354): CodeIgniter\CodeIgniter->handleRequest(NULL, Object(Config\Cache), false)
#8 C:\xampp\htdocs\ITE311-JEMINEZ\system\Boot.php(363): CodeIgniter\CodeIgniter->run()
#9 C:\xampp\htdocs\ITE311-JEMINEZ\system\Boot.php(68): CodeIgniter\Boot::runCodeIgniter(Object(CodeIgniter\CodeIgniter))
#10 C:\xampp\htdocs\ITE311-JEMINEZ\index.php(59): CodeIgniter\Boot::bootWeb(Object(Config\Paths))
#11 {main}
DEBUG - 2025-10-10 06:38:28 --> Session: Class initialized using 'CodeIgniter\Session\Handlers\FileHandler' driver.
ERROR - 2025-10-10 06:38:28 --> mysqli_sql_exception: Unknown column 'username' in 'field list' in C:\xampp\htdocs\ITE311-JEMINEZ\system\Database\MySQLi\Connection.php:327
Stack trace:
#0 C:\xampp\htdocs\ITE311-JEMINEZ\system\Database\MySQLi\Connection.php(327): mysqli->query('SELECT `id`, `u...', 0)
#1 C:\xampp\htdocs\ITE311-JEMINEZ\system\Database\BaseConnection.php(729): CodeIgniter\Database\MySQLi\Connection->execute('SELECT `id`, `u...')
#2 C:\xampp\htdocs\ITE311-JEMINEZ\system\Database\BaseConnection.php(646): CodeIgniter\Database\BaseConnection->simpleQuery('SELECT `id`, `u...')
#3 C:\xampp\htdocs\ITE311-JEMINEZ\system\Database\BaseBuilder.php(1649): CodeIgniter\Database\BaseConnection->query('SELECT `id`, `u...', Array, false)
#4 C:\xampp\htdocs\ITE311-JEMINEZ\app\Controllers\AdminController.php(60): CodeIgniter\Database\BaseBuilder->get()
#5 C:\xampp\htdocs\ITE311-JEMINEZ\system\CodeIgniter.php(933): App\Controllers\AdminController->index()
#6 C:\xampp\htdocs\ITE311-JEMINEZ\system\CodeIgniter.php(507): CodeIgniter\CodeIgniter->runController(Object(App\Controllers\AdminController))
#7 C:\xampp\htdocs\ITE311-JEMINEZ\system\CodeIgniter.php(354): CodeIgniter\CodeIgniter->handleRequest(NULL, Object(Config\Cache), false)
#8 C:\xampp\htdocs\ITE311-JEMINEZ\system\Boot.php(363): CodeIgniter\CodeIgniter->run()
#9 C:\xampp\htdocs\ITE311-JEMINEZ\system\Boot.php(68): CodeIgniter\Boot::runCodeIgniter(Object(CodeIgniter\CodeIgniter))
#10 C:\xampp\htdocs\ITE311-JEMINEZ\index.php(59): CodeIgniter\Boot::bootWeb(Object(Config\Paths))
#11 {main}
DEBUG - 2025-10-10 06:39:27 --> Session: Class initialized using 'CodeIgniter\Session\Handlers\FileHandler' driver.
DEBUG - 2025-10-10 06:39:31 --> Session: Class initialized using 'CodeIgniter\Session\Handlers\FileHandler' driver.
DEBUG - 2025-10-10 06:39:34 --> Session: Class initialized using 'CodeIgniter\Session\Handlers\FileHandler' driver.
DEBUG - 2025-10-10 06:39:38 --> Session: Class initialized using 'CodeIgniter\Session\Handlers\FileHandler' driver.
DEBUG - 2025-10-10 06:39:39 --> Session: Class initialized using 'CodeIgniter\Session\Handlers\FileHandler' driver.
DEBUG - 2025-10-10 06:39:45 --> Session: Class initialized using 'CodeIgniter\Session\Handlers\FileHandler' driver.
DEBUG - 2025-10-10 06:39:46 --> Session: Class initialized using 'CodeIgniter\Session\Handlers\FileHandler' driver.
DEBUG - 2025-10-10 06:39:51 --> Session: Class initialized using 'CodeIgniter\Session\Handlers\FileHandler' driver.
DEBUG - 2025-10-10 06:39:57 --> Session: Class initialized using 'CodeIgniter\Session\Handlers\FileHandler' driver.
DEBUG - 2025-10-10 06:41:55 --> Session: Class initialized using 'CodeIgniter\Session\Handlers\FileHandler' driver.
DEBUG - 2025-10-10 06:41:56 --> Session: Class initialized using 'CodeIgniter\Session\Handlers\FileHandler' driver.
DEBUG - 2025-10-10 06:41:57 --> Session: Class initialized using 'CodeIgniter\Session\Handlers\FileHandler' driver.
DEBUG - 2025-10-10 06:41:57 --> Session: Class initialized using 'CodeIgniter\Session\Handlers\FileHandler' driver.
DEBUG - 2025-10-10 06:41:57 --> Session: Class initialized using 'CodeIgniter\Session\Handlers\FileHandler' driver.
DEBUG - 2025-10-10 06:41:59 --> Session: Class initialized using 'CodeIgniter\Session\Handlers\FileHandler' driver.
DEBUG - 2025-10-10 06:42:02 --> Session: Class initialized using 'CodeIgniter\Session\Handlers\FileHandler' driver.
DEBUG - 2025-10-10 06:42:03 --> Session: Class initialized using 'CodeIgniter\Session\Handlers\FileHandler' driver.
DEBUG - 2025-10-10 06:42:03 --> Session: Class initialized using 'CodeIgniter\Session\Handlers\FileHandler' driver.
DEBUG - 2025-10-10 06:42:03 --> Session: Class initialized using 'CodeIgniter\Session\Handlers\FileHandler' driver.
DEBUG - 2025-10-10 06:42:04 --> Session: Class initialized using 'CodeIgniter\Session\Handlers\FileHandler' driver.
DEBUG - 2025-10-10 06:42:04 --> Session: Class initialized using 'CodeIgniter\Session\Handlers\FileHandler' driver.
DEBUG - 2025-10-10 06:42:04 --> Session: Class initialized using 'CodeIgniter\Session\Handlers\FileHandler' driver.
DEBUG - 2025-10-10 06:42:05 --> Session: Class initialized using 'CodeIgniter\Session\Handlers\FileHandler' driver.
DEBUG - 2025-10-10 06:44:42 --> Session: Class initialized using 'CodeIgniter\Session\Handlers\FileHandler' driver.
DEBUG - 2025-10-10 06:44:47 --> Session: Class initialized using 'CodeIgniter\Session\Handlers\FileHandler' driver.
DEBUG - 2025-10-10 06:44:47 --> Session: Class initialized using 'CodeIgniter\Session\Handlers\FileHandler' driver.
DEBUG - 2025-10-10 06:46:35 --> Session: Class initialized using 'CodeIgniter\Session\Handlers\FileHandler' driver.
DEBUG - 2025-10-10 06:46:35 --> Session: Class initialized using 'CodeIgniter\Session\Handlers\FileHandler' driver.
DEBUG - 2025-10-10 06:46:43 --> Session: Class initialized using 'CodeIgniter\Session\Handlers\FileHandler' driver.
DEBUG - 2025-10-10 06:46:51 --> Session: Class initialized using 'CodeIgniter\Session\Handlers\FileHandler' driver.
DEBUG - 2025-10-10 06:59:17 --> Session: Class initialized using 'CodeIgniter\Session\Handlers\FileHandler' driver.
DEBUG - 2025-10-10 06:59:33 --> Session: Class initialized using 'CodeIgniter\Session\Handlers\FileHandler' driver.
DEBUG - 2025-10-10 06:59:33 --> Session: Class initialized using 'CodeIgniter\Session\Handlers\FileHandler' driver.
DEBUG - 2025-10-10 06:59:40 --> Session: Class initialized using 'CodeIgniter\Session\Handlers\FileHandler' driver.
DEBUG - 2025-10-10 06:59:41 --> Session: Class initialized using 'CodeIgniter\Session\Handlers\FileHandler' driver.
DEBUG - 2025-10-10 06:59:41 --> Session: Class initialized using 'CodeIgniter\Session\Handlers\FileHandler' driver.
DEBUG - 2025-10-10 06:59:41 --> Session: Class initialized using 'CodeIgniter\Session\Handlers\FileHandler' driver.
DEBUG - 2025-10-10 07:02:03 --> Session: Class initialized using 'CodeIgniter\Session\Handlers\FileHandler' driver.
DEBUG - 2025-10-10 07:04:57 --> Session: Class initialized using 'CodeIgniter\Session\Handlers\FileHandler' driver.
DEBUG - 2025-10-10 07:05:27 --> Session: Class initialized using 'CodeIgniter\Session\Handlers\FileHandler' driver.
DEBUG - 2025-10-10 07:07:03 --> Session: Class initialized using 'CodeIgniter\Session\Handlers\FileHandler' driver.
DEBUG - 2025-10-10 07:10:43 --> Session: Class initialized using 'CodeIgniter\Session\Handlers\FileHandler' driver.
DEBUG - 2025-10-10 07:10:45 --> Session: Class initialized using 'CodeIgniter\Session\Handlers\FileHandler' driver.
DEBUG - 2025-10-10 07:11:01 --> Session: Class initialized using 'CodeIgniter\Session\Handlers\FileHandler' driver.
DEBUG - 2025-10-10 07:11:02 --> Session: Class initialized using 'CodeIgniter\Session\Handlers\FileHandler' driver.
DEBUG - 2025-10-10 07:11:04 --> Session: Class initialized using 'CodeIgniter\Session\Handlers\FileHandler' driver.
DEBUG - 2025-10-10 07:11:05 --> Session: Class initialized using 'CodeIgniter\Session\Handlers\FileHandler' driver.
DEBUG - 2025-10-10 07:11:06 --> Session: Class initialized using 'CodeIgniter\Session\Handlers\FileHandler' driver.
DEBUG - 2025-10-10 07:12:55 --> Session: Class initialized using 'CodeIgniter\Session\Handlers\FileHandler' driver.
DEBUG - 2025-10-10 07:12:56 --> Session: Class initialized using 'CodeIgniter\Session\Handlers\FileHandler' driver.
DEBUG - 2025-10-10 07:14:53 --> Session: Class initialized using 'CodeIgniter\Session\Handlers\FileHandler' driver.
DEBUG - 2025-10-10 07:14:55 --> Session: Class initialized using 'CodeIgniter\Session\Handlers\FileHandler' driver.
DEBUG - 2025-10-10 07:15:24 --> Session: Class initialized using 'CodeIgniter\Session\Handlers\FileHandler' driver.
DEBUG - 2025-10-10 07:15:27 --> Session: Class initialized using 'CodeIgniter\Session\Handlers\FileHandler' driver.
